Using pre-set license

 COMMAND LINE ARGUMENTS:
/Volumes/Files/Unity/Hub/Editor/2020.3.15f2/Unity.app/Contents/MacOS/Unity
-adb2
-batchMode
-noUpm
-name
AssetImportWorker0
-projectPath
/Users/dat/TerrainPractice2
-logFile
Logs/AssetImportWorker0.log
-srvPort
53868
Successfully changed project path to: /Users/dat/TerrainPractice2
/Users/dat/TerrainPractice2
Using Asset Import Pipeline V2.
Refreshing native plugins compatible for Editor in 82.85 ms, found 2 plugins.
Preloading 0 native plugins for Editor in 0.00 ms.
Initialize engine version: 2020.3.15f2 (6cf78cb77498)
[Subsystems] Discovering subsystems at path /Volumes/Files/Unity/Hub/Editor/2020.3.15f2/Unity.app/Contents/Resources/UnitySubsystems
[Subsystems] Discovering subsystems at path /Users/dat/TerrainPractice2/Assets
GfxDevice: creating device client; threaded=0
2022-05-10 22:27:35.962 Unity[4774:3061190] Color LCD preferred device: Intel(R) Iris(TM) Graphics 6000 (low power)
2022-05-10 22:27:35.962 Unity[4774:3061190] Metal devices available: 1
2022-05-10 22:27:35.962 Unity[4774:3061190] 0: Intel(R) Iris(TM) Graphics 6000 (low power)
2022-05-10 22:27:35.964 Unity[4774:3061190] Using device Intel(R) Iris(TM) Graphics 6000 (low power)
Initializing Metal device caps: Intel(R) Iris(TM) Graphics 6000
Initialize mono
Mono path[0] = '/Volumes/Files/Unity/Hub/Editor/2020.3.15f2/Unity.app/Contents/Managed'
Mono path[1] = '/Volumes/Files/Unity/Hub/Editor/2020.3.15f2/Unity.app/Contents/MonoBleedingEdge/lib/mono/unityjit'
Mono config path = '/Volumes/Files/Unity/Hub/Editor/2020.3.15f2/Unity.app/Contents/MonoBleedingEdge/etc'
Using monoOptions --debugger-agent=transport=dt_socket,embedding=1,server=y,suspend=n,address=127.0.0.1:56774
Begin MonoManager ReloadAssembly
