Using pre-set license

 COMMAND LINE ARGUMENTS:
/Volumes/Files/Unity/Hub/Editor/2020.3.15f2/Unity.app/Contents/MacOS/Unity
-adb2
-batchMode
-noUpm
-name
AssetImportWorker2
-projectPath
/Users/dat/TerrainPractice2
-logFile
Logs/AssetImportWorker2.log
-srvPort
53868
Successfully changed project path to: /Users/dat/TerrainPractice2
/Users/dat/TerrainPractice2
Using Asset Import Pipeline V2.
Refreshing native plugins compatible for Editor in 67.24 ms, found 2 plugins.
Preloading 0 native plugins for Editor in 0.00 ms.
Initialize engine version: 2020.3.15f2 (6cf78cb77498)
[Subsystems] Discovering subsystems at path /Volumes/Files/Unity/Hub/Editor/2020.3.15f2/Unity.app/Contents/Resources/UnitySubsystems
[Subsystems] Discovering subsystems at path /Users/dat/TerrainPractice2/Assets
GfxDevice: creating device client; threaded=0
2022-05-10 22:28:36.767 Unity[4785:3068840] Color LCD preferred device: Intel(R) Iris(TM) Graphics 6000 (low power)
2022-05-10 22:28:36.767 Unity[4785:3068840] Metal devices available: 1
2022-05-10 22:28:36.767 Unity[4785:3068840] 0: Intel(R) Iris(TM) Graphics 6000 (low power)
2022-05-10 22:28:36.768 Unity[4785:3068840] Using device Intel(R) Iris(TM) Graphics 6000 (low power)
Initializing Metal device caps: Intel(R) Iris(TM) Graphics 6000
Initialize mono
Mono path[0] = '/Volumes/Files/Unity/Hub/Editor/2020.3.15f2/Unity.app/Contents/Managed'
Mono path[1] = '/Volumes/Files/Unity/Hub/Editor/2020.3.15f2/Unity.app/Contents/MonoBleedingEdge/lib/mono/unityjit'
Mono config path = '/Volumes/Files/Unity/Hub/Editor/2020.3.15f2/Unity.app/Contents/MonoBleedingEdge/etc'
Using monoOptions --debugger-agent=transport=dt_socket,embedding=1,server=y,suspend=n,address=127.0.0.1:56785
Begin MonoManager ReloadAssembly
Registering precompiled unity dll's ...
Register platform support module: /Volumes/Files/Unity/Hub/Editor/2020.3.15f2/PlaybackEngines/WebGLSupport/UnityEditor.WebGL.Extensions.dll
Register platform support module: /Volumes/Files/Unity/Hub/Editor/2020.3.15f2/Unity.app/Contents/PlaybackEngines/MacStandaloneSupport/UnityEditor.OSXStandalone.Extensions.dll
Register platform support module: /Volumes/Files/Unity/Hub/Editor/2020.3.15f2/PlaybackEngines/WindowsStandaloneSupport/UnityEditor.WindowsStandalone.Extensions.dll
Registered in 0.050716 seconds.
Native extension for WindowsStandalone target not found
Native extension for OSXStandalone target not found
Native extension for WebGL target not found
Refreshing native plugins compatible for Editor in 90.53 ms, found 2 plugins.
Preloading 0 native plugins for Editor in 0.00 ms.
Mono: successfully reloaded assembly
- Completed reload, in  4.581 seconds
Domain Reload Profiling:
	ReloadAssembly (4581ms)
		BeginReloadAssembly (66ms)
			ExecutionOrderSort (0ms)
			DisableScriptedObjects (0ms)
			BackupInstance (0ms)
			ReleaseScriptingObjects (0ms)
			CreateAndSetChildDomain (2ms)
		EndReloadAssembly (1247ms)
			LoadAssemblies (116ms)
			RebuildTransferFunctionScriptingTraits (0ms)
			SetupTypeCache (377ms)
			ReleaseScriptCaches (0ms)
			RebuildScriptCaches (119ms)
			SetupLoadedEditorAssemblies (542ms)
				LogAssemblyErrors (0ms)
				InitializePlatformSupportModulesInManaged (19ms)
				SetLoadedEditorAssemblies (0ms)
				RefreshPlugins (91ms)
				BeforeProcessingInitializeOnLoad (19ms)
				ProcessInitializeOnLoadAttributes (312ms)
				ProcessInitializeOnLoadMethodAttributes (100ms)
				AfterProcessingInitializeOnLoad (0ms)
				EditorAssembliesLoaded (1ms)
			ExecutionOrderSort2 (0ms)
			AwakeInstancesAfterBackupRestoration (0ms)
Platform modules already initialized, skipping
Registering precompiled user dll's ...
Registered in 0.013351 seconds.
Begin MonoManager ReloadAssembly
Native extension for WindowsStandalone target not found
Native extension for OSXStandalone target not found
Native extension for WebGL target not found
Refreshing native plugins compatible for Editor in 0.94 ms, found 2 plugins.
Preloading 0 native plugins for Editor in 0.00 ms.
Mono: successfully reloaded assembly
- Completed reload, in  3.008 seconds
Domain Reload Profiling:
	ReloadAssembly (3009ms)
		BeginReloadAssembly (417ms)
			ExecutionOrderSort (0ms)
			DisableScriptedObjects (12ms)
			BackupInstance (0ms)
			ReleaseScriptingObjects (0ms)
			CreateAndSetChildDomain (77ms)
		EndReloadAssembly (2442ms)
			LoadAssemblies (247ms)
			RebuildTransferFunctionScriptingTraits (0ms)
			SetupTypeCache (897ms)
			ReleaseScriptCaches (3ms)
			RebuildScriptCaches (153ms)
			SetupLoadedEditorAssemblies (901ms)
				LogAssemblyErrors (0ms)
				InitializePlatformSupportModulesInManaged (16ms)
				SetLoadedEditorAssemblies (2ms)
				RefreshPlugins (1ms)
				BeforeProcessingInitializeOnLoad (115ms)
				ProcessInitializeOnLoadAttributes (753ms)
				ProcessInitializeOnLoadMethodAttributes (11ms)
				AfterProcessingInitializeOnLoad (2ms)
				EditorAssembliesLoaded (0ms)
			ExecutionOrderSort2 (0ms)
			AwakeInstancesAfterBackupRestoration (19ms)
Platform modules already initialized, skipping
========================================================================
Worker process is ready to serve import requests
Launching external process: /Volumes/Files/Unity/Hub/Editor/2020.3.15f2/Unity.app/Contents/Tools/UnityShaderCompiler
Launched and connected shader compiler UnityShaderCompiler after 0.15 seconds
Refreshing native plugins compatible for Editor in 0.86 ms, found 2 plugins.
Preloading 0 native plugins for Editor in 0.00 ms.
Unloading 1415 Unused Serialized files (Serialized files now loaded: 0)
System memory in use before: 182.8 MB.
System memory in use after: 182.9 MB.

Unloading 19 unused Assets to reduce memory usage. Loaded Objects now: 1877.
Total: 6.459730 ms (FindLiveObjects: 0.750192 ms CreateObjectMapping: 0.177549 ms MarkObjects: 4.517505 ms  DeleteObjects: 1.012106 ms)

AssetImportParameters requested are different than current active one (requested -> active):
  custom:video-decoder-ogg-theora: a1e56fd34408186e4bbccfd4996cb3dc -> 
  custom:container-muxer-webm: aa71ff27fc2769a1b78a27578f13a17b -> 
  custom:container-demuxer-webm: 4f35f7cbe854078d1ac9338744f61a02 -> 
  custom:container-demuxer-ogg: 62fdf1f143b41e24485cea50d1cbac27 -> 
  custom:video-encoder-webm-vp8: eb34c28f22e8b96e1ab97ce403110664 -> 
  custom:framework-osx-AVFoundation: b23960f63f64bdc6ff669e2cdcee2391 -> 
  custom:video-decoder-webm-vp8: 9c59270c3fd7afecdb556c50c9e8de78 -> 
  custom:audio-decoder-ogg-vorbis: bf7c407c2cedff20999df2af8eb42d56 -> 
  custom:audio-encoder-webm-vorbis: bf7c407c2cedff20999df2af8eb42d56 -> 
========================================================================
Received Import Request.
  path: Assets/Summer
  artifactKey: Guid(7a8700b07d44840cc81cfd8fb12adb26) Importer(815301076,1909f56bfc062723c751e8b465ee728b)
Start importing Assets/Summer using Guid(7a8700b07d44840cc81cfd8fb12adb26) Importer(815301076,1909f56bfc062723c751e8b465ee728b)  -> (artifact id: '5f82ec28697b51584748a120275f909f') in 0.014656 seconds 
  Import took 0.025125 seconds .

========================================================================
Received Prepare
Registering precompiled user dll's ...
Registered in 0.007201 seconds.
Begin MonoManager ReloadAssembly
Native extension for WindowsStandalone target not found
Native extension for OSXStandalone target not found
Native extension for WebGL target not found
Refreshing native plugins compatible for Editor in 0.70 ms, found 2 plugins.
Preloading 0 native plugins for Editor in 0.00 ms.
Mono: successfully reloaded assembly
- Completed reload, in  2.225 seconds
Domain Reload Profiling:
	ReloadAssembly (2227ms)
		BeginReloadAssembly (291ms)
			ExecutionOrderSort (0ms)
			DisableScriptedObjects (12ms)
			BackupInstance (0ms)
			ReleaseScriptingObjects (0ms)
			CreateAndSetChildDomain (154ms)
		EndReloadAssembly (1802ms)
			LoadAssemblies (158ms)
			RebuildTransferFunctionScriptingTraits (0ms)
			SetupTypeCache (622ms)
			ReleaseScriptCaches (1ms)
			RebuildScriptCaches (92ms)
			SetupLoadedEditorAssemblies (714ms)
				LogAssemblyErrors (0ms)
				InitializePlatformSupportModulesInManaged (12ms)
				SetLoadedEditorAssemblies (1ms)
				RefreshPlugins (1ms)
				BeforeProcessingInitializeOnLoad (91ms)
				ProcessInitializeOnLoadAttributes (601ms)
				ProcessInitializeOnLoadMethodAttributes (6ms)
				AfterProcessingInitializeOnLoad (1ms)
				EditorAssembliesLoaded (0ms)
			ExecutionOrderSort2 (0ms)
			AwakeInstancesAfterBackupRestoration (15ms)
Platform modules already initialized, skipping
Refreshing native plugins compatible for Editor in 1.10 ms, found 2 plugins.
Preloading 0 native plugins for Editor in 0.00 ms.
Unloading 1400 Unused Serialized files (Serialized files now loaded: 0)
System memory in use before: 182.1 MB.
System memory in use after: 182.1 MB.

Unloading 14 unused Assets to reduce memory usage. Loaded Objects now: 1880.
Total: 3.347033 ms (FindLiveObjects: 0.320393 ms CreateObjectMapping: 0.074373 ms MarkObjects: 2.847589 ms  DeleteObjects: 0.102610 ms)

AssetImportParameters requested are different than current active one (requested -> active):
  custom:video-decoder-ogg-theora: a1e56fd34408186e4bbccfd4996cb3dc -> 
  custom:container-muxer-webm: aa71ff27fc2769a1b78a27578f13a17b -> 
  custom:container-demuxer-webm: 4f35f7cbe854078d1ac9338744f61a02 -> 
  custom:container-demuxer-ogg: 62fdf1f143b41e24485cea50d1cbac27 -> 
  custom:video-encoder-webm-vp8: eb34c28f22e8b96e1ab97ce403110664 -> 
  custom:framework-osx-AVFoundation: b23960f63f64bdc6ff669e2cdcee2391 -> 
  custom:video-decoder-webm-vp8: 9c59270c3fd7afecdb556c50c9e8de78 -> 
  custom:audio-decoder-ogg-vorbis: bf7c407c2cedff20999df2af8eb42d56 -> 
  custom:audio-encoder-webm-vorbis: bf7c407c2cedff20999df2af8eb42d56 -> 
========================================================================
Received Import Request.
  Time since last request: 16.279609 seconds.
  path: Assets/Autumn
  artifactKey: Guid(a3cd60951c07b4ff3a5c0edab6162a24) Importer(815301076,1909f56bfc062723c751e8b465ee728b)
Start importing Assets/Autumn using Guid(a3cd60951c07b4ff3a5c0edab6162a24) Importer(815301076,1909f56bfc062723c751e8b465ee728b)  -> (artifact id: '8f61ae3aba5629c48164f67fb3507c1e') in 0.006922 seconds 
  Import took 0.013744 seconds .

========================================================================
Received Import Request.
  Time since last request: 0.014947 seconds.
  path: Assets/Autumn
  artifactKey: Guid(a3cd60951c07b4ff3a5c0edab6162a24) Importer(815301076,1909f56bfc062723c751e8b465ee728b)
Start importing Assets/Autumn using Guid(a3cd60951c07b4ff3a5c0edab6162a24) Importer(815301076,1909f56bfc062723c751e8b465ee728b)  -> (artifact id: '8f61ae3aba5629c48164f67fb3507c1e') in 0.002906 seconds 
  Import took 0.007475 seconds .

========================================================================
Received Import Request.
  Time since last request: 9.950943 seconds.
  path: Assets/Scenes
  artifactKey: Guid(60d79add9ed234d8d9a157bb858a1684) Importer(815301076,1909f56bfc062723c751e8b465ee728b)
Start importing Assets/Scenes using Guid(60d79add9ed234d8d9a157bb858a1684) Importer(815301076,1909f56bfc062723c751e8b465ee728b)  -> (artifact id: '0fd5314a2e7b0fce5e0f1a7f6c64d41b') in 0.002623 seconds 
  Import took 0.009774 seconds .

========================================================================
Received Import Request.
  Time since last request: 15.054143 seconds.
  path: Assets/Scenes/DemoScene.unity
  artifactKey: Guid(5af012a8b7991a84fb99a854db8dfc21) Importer(815301076,1909f56bfc062723c751e8b465ee728b)
Start importing Assets/Scenes/DemoScene.unity using Guid(5af012a8b7991a84fb99a854db8dfc21) Importer(815301076,1909f56bfc062723c751e8b465ee728b)  -> (artifact id: 'de39f5de0e1668a707ea45f6f55f6c78') in 0.069499 seconds 
  Import took 0.076199 seconds .

========================================================================
Received Import Request.
  Time since last request: 12.610743 seconds.
  path: Assets/Scenes/Autumn.unity
  artifactKey: Guid(203ca537b8b5547fd8353194f02aee19) Importer(815301076,1909f56bfc062723c751e8b465ee728b)
Start importing Assets/Scenes/Autumn.unity using Guid(203ca537b8b5547fd8353194f02aee19) Importer(815301076,1909f56bfc062723c751e8b465ee728b)  -> (artifact id: 'bb4ca5c4d87f8114aa4695dedc11f5d4') in 0.008860 seconds 
  Import took 0.017068 seconds .

========================================================================
Received Import Request.
  Time since last request: 14.503289 seconds.
  path: Assets/Scenes/Summer.unity
  artifactKey: Guid(5af012a8b7991a84fb99a854db8dfc21) Importer(815301076,1909f56bfc062723c751e8b465ee728b)
Start importing Assets/Scenes/Summer.unity using Guid(5af012a8b7991a84fb99a854db8dfc21) Importer(815301076,1909f56bfc062723c751e8b465ee728b)  -> (artifact id: 'c914c54ee05ffc4d90b247eff526da0a') in 0.004373 seconds 
  Import took 0.015595 seconds .

========================================================================
Received Import Request.
  Time since last request: 22.769092 seconds.
  path: Assets/Scenes/CarTrack.unity
  artifactKey: Guid(9fc0d4010bbf28b4594072e72b8655ab) Importer(815301076,1909f56bfc062723c751e8b465ee728b)
Start importing Assets/Scenes/CarTrack.unity using Guid(9fc0d4010bbf28b4594072e72b8655ab) Importer(815301076,1909f56bfc062723c751e8b465ee728b)  -> (artifact id: '051ca6d9b4d865d5d724482d2d248c46') in 0.005789 seconds 
  Import took 0.013714 seconds .

========================================================================
Received Import Request.
  Time since last request: 18.401337 seconds.
  path: Assets/Scenes/Demo.unity
  artifactKey: Guid(9281df55f3f96d3469f1b6ed4b26e93d) Importer(815301076,1909f56bfc062723c751e8b465ee728b)
Start importing Assets/Scenes/Demo.unity using Guid(9281df55f3f96d3469f1b6ed4b26e93d) Importer(815301076,1909f56bfc062723c751e8b465ee728b)  -> (artifact id: 'aa23e7e375136888d9fea760a1daee4f') in 0.006738 seconds 
  Import took 0.014942 seconds .

========================================================================
Received Import Request.
  Time since last request: 14.059786 seconds.
  path: Assets/Scenes/Autmn.unity
  artifactKey: Guid(9281df55f3f96d3469f1b6ed4b26e93d) Importer(815301076,1909f56bfc062723c751e8b465ee728b)
Start importing Assets/Scenes/Autmn.unity using Guid(9281df55f3f96d3469f1b6ed4b26e93d) Importer(815301076,1909f56bfc062723c751e8b465ee728b)  -> (artifact id: '4876642f125bee3f3eb39dc4d6ba2c5e') in 0.003322 seconds 
  Import took 0.015245 seconds .

========================================================================
Received Import Request.
  Time since last request: 32.274899 seconds.
  path: Assets/CarStuff/Grass And Flowers Pack 1
  artifactKey: Guid(af8cdb6b5dc894e3f95b36db57a93433) Importer(815301076,1909f56bfc062723c751e8b465ee728b)
Start importing Assets/CarStuff/Grass And Flowers Pack 1 using Guid(af8cdb6b5dc894e3f95b36db57a93433) Importer(815301076,1909f56bfc062723c751e8b465ee728b)  -> (artifact id: '7e08bcc37ffec313f4cd5297da86b794') in 0.003347 seconds 
  Import took 0.011573 seconds .

